<?xml version="1.0" encoding="UTF-8"?>
<!-- Generated by org.testng.reporters.JUnitReportReporter -->
<testsuite hostname="BhaskarSystem" name="suite1.TestNGSimpleOverridesTest" tests="1" failures="0" timestamp="23 Oct 2016 17:57:07 GMT" time="0.184" errors="0">
  <testcase name="OR_Positive_Basic_OverrideCount_TC101" time="0.184" classname="suite1.TestNGSimpleOverridesTest"/>
</testsuite> <!-- suite1.TestNGSimpleOverridesTest -->
